2024-03-10 10:17:58,711  INFO [main] Ebay_Website_URL_Lanching:27 - Browser is launched successfully.
2024-03-10 10:17:58,821  INFO [main] Ebay_Website_URL_Lanching:35 - ebay.com website launched in the browser.
2024-03-10 10:18:07,010  INFO [main] Ebay_Access_Product_via_category_after_applying_multiple_filters:34 - Browser is launched successfully.
2024-03-10 10:18:07,023  INFO [main] Ebay_Access_Product_via_category_after_applying_multiple_filters:39 - ***********Scenario 1: Access a Product via category after applying multiple filters*******************
2024-03-10 10:18:10,162  INFO [main] Ebay_Access_Product_via_category_after_applying_multiple_filters:41 - Succesfully clicked on shopbycategory and selected the category
2024-03-10 10:18:17,164  INFO [main] Ebay_Access_Product_via_category_after_applying_multiple_filters:44 - Able to click on the required search category
2024-03-10 10:18:27,720  INFO [main] Ebay_Access_Product_via_category_after_applying_multiple_filters:46 - Succesfully applied the specific filters.
2024-03-10 10:18:34,277  INFO [main] Ebay_Access_Product_via_category_after_applying_multiple_filters:48 - All the applied filters are verified succesfully.
2024-03-10 10:18:35,875  INFO [main] Ebay_Access_Product_via_category_after_applying_multiple_filters:54 - Browser is closed.
2024-03-10 10:18:43,558  INFO [main] Ebay_ProductAccess_viaSearch:28 - Browser is launhed successfully.
2024-03-10 10:18:43,573  INFO [main] Ebay_ProductAccess_viaSearch:34 - ***********Scenario 2: Access a Product via Search*******************
2024-03-10 10:18:48,974  INFO [main] Ebay_ProductAccess_viaSearch:38 - Succesfully entered the MacBook in the search bar
2024-03-10 10:18:53,489  INFO [main] Ebay_ProductAccess_viaSearch:41 - Search category is changed to Computers/Tablets & Networking Successfully.
2024-03-10 10:18:54,179  INFO [main] Ebay_ProductAccess_viaSearch:43 - Page loaded successfully
2024-03-10 10:18:56,955  INFO [main] Ebay_ProductAccess_viaSearch:46 - First result name matches with the search string MacBook
2024-03-10 10:18:58,402  INFO [main] Ebay_ProductAccess_viaSearch:52 - Browser is closed.
2024-03-10 10:18:58,490 DEBUG [main] cache:45 - Couldn't find template in cache for "index.ftl"("en", UTF-8, parsed); will try to load it.
2024-03-10 10:18:58,526 DEBUG [main] cache:45 - TemplateLoader.findTemplateSource("index_en.ftl"): Not found
2024-03-10 10:18:58,547 DEBUG [main] cache:45 - TemplateLoader.findTemplateSource("index.ftl"): Found
2024-03-10 10:18:58,550 DEBUG [main] cache:45 - Loading template for "index.ftl"("en", UTF-8, parsed) from "jar:file:/C:/Users/Dell/.m2/repository/com/aventstack/extentreports/3.1.5/extentreports-3.1.5.jar!/com/aventstack/extentreports/view/html-report/index.ftl"
2024-03-10 10:18:59,033 DEBUG [main] cache:45 - Couldn't find template in cache for "head.ftl"("en", UTF-8, parsed); will try to load it.
2024-03-10 10:18:59,037 DEBUG [main] cache:45 - TemplateLoader.findTemplateSource("head_en.ftl"): Not found
2024-03-10 10:18:59,042 DEBUG [main] cache:45 - TemplateLoader.findTemplateSource("head.ftl"): Found
2024-03-10 10:18:59,043 DEBUG [main] cache:45 - Loading template for "head.ftl"("en", UTF-8, parsed) from "jar:file:/C:/Users/Dell/.m2/repository/com/aventstack/extentreports/3.1.5/extentreports-3.1.5.jar!/com/aventstack/extentreports/view/html-report/head.ftl"
2024-03-10 10:18:59,054 DEBUG [main] cache:45 - Couldn't find template in cache for "nav.ftl"("en", UTF-8, parsed); will try to load it.
2024-03-10 10:18:59,060 DEBUG [main] cache:45 - TemplateLoader.findTemplateSource("nav_en.ftl"): Not found
2024-03-10 10:18:59,062 DEBUG [main] cache:45 - TemplateLoader.findTemplateSource("nav.ftl"): Found
2024-03-10 10:18:59,064 DEBUG [main] cache:45 - Loading template for "nav.ftl"("en", UTF-8, parsed) from "jar:file:/C:/Users/Dell/.m2/repository/com/aventstack/extentreports/3.1.5/extentreports-3.1.5.jar!/com/aventstack/extentreports/view/html-report/nav.ftl"
2024-03-10 10:18:59,086 DEBUG [main] cache:45 - Couldn't find template in cache for "test-view/test-view.ftl"("en", UTF-8, parsed); will try to load it.
2024-03-10 10:18:59,088 DEBUG [main] cache:45 - TemplateLoader.findTemplateSource("test-view/test-view_en.ftl"): Not found
2024-03-10 10:18:59,093 DEBUG [main] cache:45 - TemplateLoader.findTemplateSource("test-view/test-view.ftl"): Found
2024-03-10 10:18:59,095 DEBUG [main] cache:45 - Loading template for "test-view/test-view.ftl"("en", UTF-8, parsed) from "jar:file:/C:/Users/Dell/.m2/repository/com/aventstack/extentreports/3.1.5/extentreports-3.1.5.jar!/com/aventstack/extentreports/view/html-report/test-view/test-view.ftl"
2024-03-10 10:18:59,131 DEBUG [main] cache:45 - Couldn't find template in cache for "test-view/test-view-charts.ftl"("en", UTF-8, parsed); will try to load it.
2024-03-10 10:18:59,135 DEBUG [main] cache:45 - TemplateLoader.findTemplateSource("test-view/test-view-charts_en.ftl"): Not found
2024-03-10 10:18:59,138 DEBUG [main] cache:45 - TemplateLoader.findTemplateSource("test-view/test-view-charts.ftl"): Found
2024-03-10 10:18:59,139 DEBUG [main] cache:45 - Loading template for "test-view/test-view-charts.ftl"("en", UTF-8, parsed) from "jar:file:/C:/Users/Dell/.m2/repository/com/aventstack/extentreports/3.1.5/extentreports-3.1.5.jar!/com/aventstack/extentreports/view/html-report/test-view/test-view-charts.ftl"
2024-03-10 10:18:59,183 DEBUG [main] cache:45 - Couldn't find template in cache for "test-view/standard.ftl"("en", UTF-8, parsed); will try to load it.
2024-03-10 10:18:59,195 DEBUG [main] cache:45 - TemplateLoader.findTemplateSource("test-view/standard_en.ftl"): Not found
2024-03-10 10:18:59,199 DEBUG [main] cache:45 - TemplateLoader.findTemplateSource("test-view/standard.ftl"): Found
2024-03-10 10:18:59,200 DEBUG [main] cache:45 - Loading template for "test-view/standard.ftl"("en", UTF-8, parsed) from "jar:file:/C:/Users/Dell/.m2/repository/com/aventstack/extentreports/3.1.5/extentreports-3.1.5.jar!/com/aventstack/extentreports/view/html-report/test-view/standard.ftl"
2024-03-10 10:18:59,255 DEBUG [main] cache:45 - "test-view/standard.ftl"("en", UTF-8, parsed) cached copy not yet stale; using cached.
2024-03-10 10:18:59,265 DEBUG [main] cache:45 - "test-view/standard.ftl"("en", UTF-8, parsed) cached copy not yet stale; using cached.
2024-03-10 10:18:59,277 DEBUG [main] cache:45 - Couldn't find template in cache for "category-view/category-view.ftl"("en", UTF-8, parsed); will try to load it.
2024-03-10 10:18:59,281 DEBUG [main] cache:45 - TemplateLoader.findTemplateSource("category-view/category-view_en.ftl"): Not found
2024-03-10 10:18:59,286 DEBUG [main] cache:45 - TemplateLoader.findTemplateSource("category-view/category-view.ftl"): Found
2024-03-10 10:18:59,293 DEBUG [main] cache:45 - Loading template for "category-view/category-view.ftl"("en", UTF-8, parsed) from "jar:file:/C:/Users/Dell/.m2/repository/com/aventstack/extentreports/3.1.5/extentreports-3.1.5.jar!/com/aventstack/extentreports/view/html-report/category-view/category-view.ftl"
2024-03-10 10:18:59,328 DEBUG [main] cache:45 - Couldn't find template in cache for "author-view/author-view.ftl"("en", UTF-8, parsed); will try to load it.
2024-03-10 10:18:59,331 DEBUG [main] cache:45 - TemplateLoader.findTemplateSource("author-view/author-view_en.ftl"): Not found
2024-03-10 10:18:59,335 DEBUG [main] cache:45 - TemplateLoader.findTemplateSource("author-view/author-view.ftl"): Found
2024-03-10 10:18:59,339 DEBUG [main] cache:45 - Loading template for "author-view/author-view.ftl"("en", UTF-8, parsed) from "jar:file:/C:/Users/Dell/.m2/repository/com/aventstack/extentreports/3.1.5/extentreports-3.1.5.jar!/com/aventstack/extentreports/view/html-report/author-view/author-view.ftl"
2024-03-10 10:18:59,361 DEBUG [main] cache:45 - Couldn't find template in cache for "exception-view/exception-view.ftl"("en", UTF-8, parsed); will try to load it.
2024-03-10 10:18:59,364 DEBUG [main] cache:45 - TemplateLoader.findTemplateSource("exception-view/exception-view_en.ftl"): Not found
2024-03-10 10:18:59,366 DEBUG [main] cache:45 - TemplateLoader.findTemplateSource("exception-view/exception-view.ftl"): Found
2024-03-10 10:18:59,383 DEBUG [main] cache:45 - Loading template for "exception-view/exception-view.ftl"("en", UTF-8, parsed) from "jar:file:/C:/Users/Dell/.m2/repository/com/aventstack/extentreports/3.1.5/extentreports-3.1.5.jar!/com/aventstack/extentreports/view/html-report/exception-view/exception-view.ftl"
2024-03-10 10:18:59,410 DEBUG [main] cache:45 - Couldn't find template in cache for "dashboard-view/dashboard-view.ftl"("en", UTF-8, parsed); will try to load it.
2024-03-10 10:18:59,416 DEBUG [main] cache:45 - TemplateLoader.findTemplateSource("dashboard-view/dashboard-view_en.ftl"): Not found
2024-03-10 10:18:59,420 DEBUG [main] cache:45 - TemplateLoader.findTemplateSource("dashboard-view/dashboard-view.ftl"): Found
2024-03-10 10:18:59,421 DEBUG [main] cache:45 - Loading template for "dashboard-view/dashboard-view.ftl"("en", UTF-8, parsed) from "jar:file:/C:/Users/Dell/.m2/repository/com/aventstack/extentreports/3.1.5/extentreports-3.1.5.jar!/com/aventstack/extentreports/view/html-report/dashboard-view/dashboard-view.ftl"
2024-03-10 10:18:59,455 DEBUG [main] cache:45 - Couldn't find template in cache for "logs-view/testrunner-logs-view.ftl"("en", UTF-8, parsed); will try to load it.
2024-03-10 10:18:59,459 DEBUG [main] cache:45 - TemplateLoader.findTemplateSource("logs-view/testrunner-logs-view_en.ftl"): Not found
2024-03-10 10:18:59,463 DEBUG [main] cache:45 - TemplateLoader.findTemplateSource("logs-view/testrunner-logs-view.ftl"): Found
2024-03-10 10:18:59,464 DEBUG [main] cache:45 - Loading template for "logs-view/testrunner-logs-view.ftl"("en", UTF-8, parsed) from "jar:file:/C:/Users/Dell/.m2/repository/com/aventstack/extentreports/3.1.5/extentreports-3.1.5.jar!/com/aventstack/extentreports/view/html-report/logs-view/testrunner-logs-view.ftl"
